\BOOKMARK [0][-]{chapter*.1}{\376\377\000M\036\345\000c\000\040\000l\036\345\000c}{}% 1
\BOOKMARK [0][-]{chapter*.2}{\376\377\000D\000a\000n\000h\000\040\000s\000\341\000c\000h\000\040\000h\000\354\000n\000h\000\040\000v\036\275}{}% 2
\BOOKMARK [0][-]{chapter*.3}{\376\377\000M\036\336\000\040\001\020\036\246\000U}{}% 3
\BOOKMARK [0][-]{chapter.1}{\376\377\000T\036\324\000N\000G\000\040\000Q\000U\000A\000N\000\040\001\020\036\300\000\040\000T\000\300\000I}{}% 4
\BOOKMARK [1][-]{section.1.1}{\376\377\000L\000\375\000\040\000t\000h\000u\000y\036\277\000t\000\040\001\021\036\323\000\040\000t\000h\036\313\000\040\000c\000\363\000\040\000h\001\260\036\333\000n\000g\000\040\000\050\000D\000i\000r\000e\000c\000t\000e\000d\000\040\000G\000r\000a\000p\000h\000\040\000/\000\040\000D\000i\000g\000r\000a\000p\000h\000\051}{chapter.1}% 5
\BOOKMARK [1][-]{section.1.2}{\376\377\000B\000\340\000i\000\040\000t\000o\000\341\000n\000\040\000t\000\354\000m\000\040\001\021\001\260\036\335\000n\000g\000\040\001\021\000i\000\040\000n\000g\036\257\000n\000\040\000n\000h\036\245\000t\000\040\000\050\000S\000h\000o\000r\000t\000e\000s\000t\000\040\000P\000a\000t\000h\000\040\000P\000r\000o\000b\000l\000e\000m\000\051}{chapter.1}% 6
\BOOKMARK [1][-]{section.1.3}{\376\377\000T\000h\000u\036\255\000t\000\040\000t\000o\000\341\000n\000\040\000D\000i\000j\000k\000s\000t\000r\000a}{chapter.1}% 7
\BOOKMARK [1][-]{section.1.4}{\376\377\001\020\036\323\000\040\000h\036\315\000a\000\040\000m\000\341\000y\000\040\000t\000\355\000n\000h\000\040\000v\000\340\000\040\000m\000\364\000\040\000p\000h\036\317\000n\000g\000\040\000t\000r\036\361\000c\000\040\000q\000u\000a\000n}{chapter.1}% 8
\BOOKMARK [0][-]{chapter.2}{\376\377\000C\001\240\000\040\000S\036\336\000\040\000L\000\335\000\040\000T\000H\000U\000Y\036\276\000T}{}% 9
\BOOKMARK [1][-]{section.2.1}{\376\377\000\335\000\040\000t\001\260\036\337\000n\000g\000\040\000x\000\342\000y\000\040\000d\036\361\000n\000g\000\040\036\351\000n\000g\000\040\000d\036\345\000n\000g}{chapter.2}% 10
\BOOKMARK [1][-]{section.2.2}{\376\377\000C\001\241\000\040\000s\036\337\000\040\000l\000\375\000\040\000t\000h\000u\000y\036\277\000t\000\040\000t\000h\000u\036\255\000t\000\040\000t\000o\000\341\000n\000\040\000v\000\340\000\040\001\021\036\323\000\040\000h\036\315\000a}{chapter.2}% 11
\BOOKMARK [2][-]{subsection.2.2.1}{\376\377\000T\000h\000u\036\255\000t\000\040\000t\000o\000\341\000n\000\040\001\021\001\260\036\335\000n\000g\000\040\001\021\000i\000\040\000n\000g\036\257\000n\000\040\000n\000h\036\245\000t\000\040\000D\000i\000j\000k\000s\000t\000r\000a}{section.2.2}% 12
\BOOKMARK [2][-]{subsection.2.2.2}{\376\377\000L\000\375\000\040\000t\000h\000u\000y\036\277\000t\000\040\001\021\036\323\000\040\000h\036\315\000a\000\040\000v\000\340\000\040\000t\000\355\000n\000h\000\040\000t\000o\000\341\000n\000\040\000t\036\315\000a\000\040\001\021\036\331\000\040\000v\000e\000c\000t\000o\000r\000\040\000h\000\354\000n\000h\000\040\000h\036\315\000c}{section.2.2}% 13
\BOOKMARK [0][-]{chapter.3}{\376\377\000T\036\324\000\040\000C\000H\036\350\000C\000\040\000C\036\244\000U\000\040\000T\000R\000\332\000C\000\040\000D\036\356\000\040\000L\000I\036\306\000U\000\040\000V\000\300\000\040\000T\000H\000U\036\254\000T\000\040\000T\000O\000\301\000N}{}% 14
\BOOKMARK [1][-]{section.3.1}{\376\377\000P\000h\000\341\000t\000\040\000b\000i\036\303\000u\000\040\000b\000\340\000i\000\040\000t\000o\000\341\000n\000\040\000h\036\307\000\040\000t\000h\036\321\000n\000g}{chapter.3}% 15
\BOOKMARK [1][-]{section.3.2}{\376\377\000T\036\325\000\040\000c\000h\036\351\000c\000\040\000c\036\245\000u\000\040\000t\000r\000\372\000c\000\040\000d\036\357\000\040\000l\000i\036\307\000u\000\040\000c\036\345\000\040\000t\000h\036\303}{chapter.3}% 16
\BOOKMARK [1][-]{section.3.3}{\376\377\000T\000h\000i\036\277\000t\000\040\000k\036\277\000\040\000m\000\341\000y\000\040\000t\000r\036\241\000n\000g\000\040\000t\000h\000\341\000i\000\040\000t\000h\000u\036\255\000t\000\040\000t\000o\000\341\000n\000\040\000m\000\364\000\040\000p\000h\036\317\000n\000g}{chapter.3}% 17
\BOOKMARK [0][-]{chapter.4}{\376\377\000C\000H\001\257\001\240\000N\000G\000\040\000T\000R\000\314\000N\000H\000\040\000V\000\300\000\040\000K\036\276\000T\000\040\000Q\000U\036\242}{}% 18
\BOOKMARK [1][-]{section.4.1}{\376\377\000T\036\325\000\040\000c\000h\036\351\000c\000\040\000m\000\364\000\040\000h\000\354\000n\000h\000\040\000c\000h\001\260\001\241\000n\000g\000\040\000t\000r\000\354\000n\000h}{chapter.4}% 19
\BOOKMARK [1][-]{section.4.2}{\376\377\000N\000g\000\364\000n\000\040\000n\000g\036\357\000\040\000c\000\340\000i\000\040\001\021\036\267\000t}{chapter.4}% 20
\BOOKMARK [1][-]{section.4.3}{\376\377\000K\036\277\000t\000\040\000q\000u\036\243\000\040\000t\000h\036\361\000c\000\040\000t\000h\000i\000\040\000c\000h\001\260\001\241\000n\000g\000\040\000t\000r\000\354\000n\000h}{chapter.4}% 21
\BOOKMARK [2][-]{subsection.4.3.1}{\376\377\000G\000i\000a\000o\000\040\000d\000i\036\307\000n\000\040\000t\000r\000a\000n\000g\000\040\000t\000h\000\364\000n\000g\000\040\000t\000i\000n\000\040\001\021\036\323\000\040\000\341\000n\000\040\000b\000a\000n\000\040\001\021\036\247\000u}{section.4.3}% 22
\BOOKMARK [2][-]{subsection.4.3.2}{\376\377\000M\000\364\000\040\000p\000h\036\317\000n\000g\000\040\001\021\036\323\000\040\000h\036\315\000a\000\040\001\021\036\331\000n\000g\000\040\000t\001\260\001\241\000n\000g\000\040\000t\000\341\000c\000\040\000t\000r\036\361\000c\000\040\000q\000u\000a\000n}{section.4.3}% 23
\BOOKMARK [2][-]{subsection.4.3.3}{\376\377\000N\000h\036\255\000n\000\040\000x\000\351\000t\000\040\001\021\000\341\000n\000h\000\040\000g\000i\000\341\000\040\000h\036\307\000\040\000t\000h\036\321\000n\000g}{section.4.3}% 24
\BOOKMARK [0][-]{chapter.5}{\376\377\000K\036\276\000T\000\040\000L\000U\036\254\000N\000\040\000V\000\300\000\040\000H\001\257\036\332\000N\000G\000\040\000P\000H\000\301\000T\000\040\000T\000R\000I\036\302\000N}{}% 25
\BOOKMARK [1][-]{section.5.1}{\376\377\000K\036\277\000t\000\040\000l\000u\036\255\000n}{chapter.5}% 26
\BOOKMARK [1][-]{section.5.2}{\376\377\000H\001\260\036\333\000n\000g\000\040\000p\000h\000\341\000t\000\040\000t\000r\000i\036\303\000n\000\040\001\021\036\301\000\040\000t\000\340\000i\000\040\000t\001\260\001\241\000n\000g\000\040\000l\000a\000i}{chapter.5}% 27
\BOOKMARK [0][-]{chapter*.5}{\376\377\000P\000H\036\344\000\040\000L\036\344\000C}{}% 28
